[0.264s] Invoking command in '/dinov3_ros/ros2_ws/src/dinov3_ros': PYTHONPATH=/dinov3_ros/ros2_ws/build/dinov3_ros/prefix_override:/usr/lib/python3/dist-packages/colcon_core/task/python/colcon_distutils_commands:/dinov3_ros/ros2_ws/install/dinov3_ros/lib/python3.10/site-packages:${PYTHONPATH} /usr/bin/python3 -W ignore:setup.py install is deprecated -W ignore:easy_install command is deprecated setup.py egg_info --egg-base ../../build/dinov3_ros build --build-base /dinov3_ros/ros2_ws/build/dinov3_ros/build install --record /dinov3_ros/ros2_ws/build/dinov3_ros/install.log --single-version-externally-managed install_data
[0.351s] running egg_info
[0.351s] creating ../../build/dinov3_ros/dinov3_ros.egg-info
[0.352s] writing ../../build/dinov3_ros/dinov3_ros.egg-info/PKG-INFO
[0.352s] writing dependency_links to ../../build/dinov3_ros/dinov3_ros.egg-info/dependency_links.txt
[0.352s] writing entry points to ../../build/dinov3_ros/dinov3_ros.egg-info/entry_points.txt
[0.352s] writing requirements to ../../build/dinov3_ros/dinov3_ros.egg-info/requires.txt
[0.352s] writing top-level names to ../../build/dinov3_ros/dinov3_ros.egg-info/top_level.txt
[0.352s] writing manifest file '../../build/dinov3_ros/dinov3_ros.egg-info/SOURCES.txt'
[0.352s] reading manifest file '../../build/dinov3_ros/dinov3_ros.egg-info/SOURCES.txt'
[0.353s] writing manifest file '../../build/dinov3_ros/dinov3_ros.egg-info/SOURCES.txt'
[0.353s] running build
[0.353s] running build_py
[0.353s] creating /dinov3_ros/ros2_ws/build/dinov3_ros/build
[0.353s] creating /dinov3_ros/ros2_ws/build/dinov3_ros/build/lib
[0.353s] creating /dinov3_ros/ros2_ws/build/dinov3_ros/build/lib/dinov3_ros
[0.353s] copying dinov3_ros/dinov3_node.py -> /dinov3_ros/ros2_ws/build/dinov3_ros/build/lib/dinov3_ros
[0.354s] copying dinov3_ros/__init__.py -> /dinov3_ros/ros2_ws/build/dinov3_ros/build/lib/dinov3_ros
[0.354s] running install
[0.354s] running install_lib
[0.354s] creating /dinov3_ros/ros2_ws/install/dinov3_ros/lib/python3.10/site-packages/dinov3_ros
[0.354s] copying /dinov3_ros/ros2_ws/build/dinov3_ros/build/lib/dinov3_ros/dinov3_node.py -> /dinov3_ros/ros2_ws/install/dinov3_ros/lib/python3.10/site-packages/dinov3_ros
[0.354s] copying /dinov3_ros/ros2_ws/build/dinov3_ros/build/lib/dinov3_ros/__init__.py -> /dinov3_ros/ros2_ws/install/dinov3_ros/lib/python3.10/site-packages/dinov3_ros
[0.355s] byte-compiling /dinov3_ros/ros2_ws/install/dinov3_ros/lib/python3.10/site-packages/dinov3_ros/dinov3_node.py to dinov3_node.cpython-310.pyc
[0.355s] byte-compiling /dinov3_ros/ros2_ws/install/dinov3_ros/lib/python3.10/site-packages/dinov3_ros/__init__.py to __init__.cpython-310.pyc
[0.355s] running install_data
[0.355s] creating /dinov3_ros/ros2_ws/install/dinov3_ros/share/ament_index
[0.355s] creating /dinov3_ros/ros2_ws/install/dinov3_ros/share/ament_index/resource_index
[0.355s] creating /dinov3_ros/ros2_ws/install/dinov3_ros/share/ament_index/resource_index/packages
[0.355s] copying resource/dinov3_ros -> /dinov3_ros/ros2_ws/install/dinov3_ros/share/ament_index/resource_index/packages
[0.355s] copying package.xml -> /dinov3_ros/ros2_ws/install/dinov3_ros/share/dinov3_ros
[0.355s] running install_egg_info
[0.356s] Copying ../../build/dinov3_ros/dinov3_ros.egg-info to /dinov3_ros/ros2_ws/install/dinov3_ros/lib/python3.10/site-packages/dinov3_ros-0.0.0-py3.10.egg-info
[0.356s] running install_scripts
[0.366s] Installing dinov3_node script to /dinov3_ros/ros2_ws/install/dinov3_ros/lib/dinov3_ros
[0.366s] writing list of installed files to '/dinov3_ros/ros2_ws/build/dinov3_ros/install.log'
[0.379s] Invoked command in '/dinov3_ros/ros2_ws/src/dinov3_ros' returned '0': PYTHONPATH=/dinov3_ros/ros2_ws/build/dinov3_ros/prefix_override:/usr/lib/python3/dist-packages/colcon_core/task/python/colcon_distutils_commands:/dinov3_ros/ros2_ws/install/dinov3_ros/lib/python3.10/site-packages:${PYTHONPATH} /usr/bin/python3 -W ignore:setup.py install is deprecated -W ignore:easy_install command is deprecated setup.py egg_info --egg-base ../../build/dinov3_ros build --build-base /dinov3_ros/ros2_ws/build/dinov3_ros/build install --record /dinov3_ros/ros2_ws/build/dinov3_ros/install.log --single-version-externally-managed install_data
