running egg_info
creating ../../build/dinov3_bringup/dinov3_bringup.egg-info
writing ../../build/dinov3_bringup/dinov3_bringup.egg-info/PKG-INFO
writing dependency_links to ../../build/dinov3_bringup/dinov3_bringup.egg-info/dependency_links.txt
writing entry points to ../../build/dinov3_bringup/dinov3_bringup.egg-info/entry_points.txt
writing requirements to ../../build/dinov3_bringup/dinov3_bringup.egg-info/requires.txt
writing top-level names to ../../build/dinov3_bringup/dinov3_bringup.egg-info/top_level.txt
writing manifest file '../../build/dinov3_bringup/dinov3_bringup.egg-info/SOURCES.txt'
reading manifest file '../../build/dinov3_bringup/dinov3_bringup.egg-info/SOURCES.txt'
writing manifest file '../../build/dinov3_bringup/dinov3_bringup.egg-info/SOURCES.txt'
running build
running build_py
creating /dinov3_ros/ros2_ws/build/dinov3_bringup/build
creating /dinov3_ros/ros2_ws/build/dinov3_bringup/build/lib
creating /dinov3_ros/ros2_ws/build/dinov3_bringup/build/lib/dinov3_bringup
copying dinov3_bringup/__init__.py -> /dinov3_ros/ros2_ws/build/dinov3_bringup/build/lib/dinov3_bringup
running install
running install_lib
creating /dinov3_ros/ros2_ws/install/dinov3_bringup/lib/python3.10/site-packages/dinov3_bringup
copying /dinov3_ros/ros2_ws/build/dinov3_bringup/build/lib/dinov3_bringup/__init__.py -> /dinov3_ros/ros2_ws/install/dinov3_bringup/lib/python3.10/site-packages/dinov3_bringup
byte-compiling /dinov3_ros/ros2_ws/install/dinov3_bringup/lib/python3.10/site-packages/dinov3_bringup/__init__.py to __init__.cpython-310.pyc
running install_data
creating /dinov3_ros/ros2_ws/install/dinov3_bringup/share/ament_index
creating /dinov3_ros/ros2_ws/install/dinov3_bringup/share/ament_index/resource_index
creating /dinov3_ros/ros2_ws/install/dinov3_bringup/share/ament_index/resource_index/packages
copying resource/dinov3_bringup -> /dinov3_ros/ros2_ws/install/dinov3_bringup/share/ament_index/resource_index/packages
copying package.xml -> /dinov3_ros/ros2_ws/install/dinov3_bringup/share/dinov3_bringup
running install_egg_info
Copying ../../build/dinov3_bringup/dinov3_bringup.egg-info to /dinov3_ros/ros2_ws/install/dinov3_bringup/lib/python3.10/site-packages/dinov3_bringup-0.0.0-py3.10.egg-info
running install_scripts
writing list of installed files to '/dinov3_ros/ros2_ws/build/dinov3_bringup/install.log'
