[0.391s] Invoking command in '/dinov3_ros/ros2_ws/src/dinov3_bringup': PYTHONPATH=/dinov3_ros/ros2_ws/build/dinov3_bringup/prefix_override:/usr/lib/python3/dist-packages/colcon_core/task/python/colcon_distutils_commands:/dinov3_ros/ros2_ws/install/dinov3_bringup/lib/python3.10/site-packages:${PYTHONPATH} /usr/bin/python3 -W ignore:setup.py install is deprecated -W ignore:easy_install command is deprecated setup.py egg_info --egg-base ../../build/dinov3_bringup build --build-base /dinov3_ros/ros2_ws/build/dinov3_bringup/build install --record /dinov3_ros/ros2_ws/build/dinov3_bringup/install.log --single-version-externally-managed install_data
[0.480s] running egg_info
[0.480s] creating ../../build/dinov3_bringup/dinov3_bringup.egg-info
[0.480s] writing ../../build/dinov3_bringup/dinov3_bringup.egg-info/PKG-INFO
[0.480s] writing dependency_links to ../../build/dinov3_bringup/dinov3_bringup.egg-info/dependency_links.txt
[0.480s] writing entry points to ../../build/dinov3_bringup/dinov3_bringup.egg-info/entry_points.txt
[0.480s] writing requirements to ../../build/dinov3_bringup/dinov3_bringup.egg-info/requires.txt
[0.480s] writing top-level names to ../../build/dinov3_bringup/dinov3_bringup.egg-info/top_level.txt
[0.480s] writing manifest file '../../build/dinov3_bringup/dinov3_bringup.egg-info/SOURCES.txt'
[0.481s] reading manifest file '../../build/dinov3_bringup/dinov3_bringup.egg-info/SOURCES.txt'
[0.481s] writing manifest file '../../build/dinov3_bringup/dinov3_bringup.egg-info/SOURCES.txt'
[0.481s] running build
[0.481s] running build_py
[0.481s] creating /dinov3_ros/ros2_ws/build/dinov3_bringup/build
[0.481s] creating /dinov3_ros/ros2_ws/build/dinov3_bringup/build/lib
[0.481s] creating /dinov3_ros/ros2_ws/build/dinov3_bringup/build/lib/dinov3_bringup
[0.481s] copying dinov3_bringup/__init__.py -> /dinov3_ros/ros2_ws/build/dinov3_bringup/build/lib/dinov3_bringup
[0.481s] running install
[0.481s] running install_lib
[0.482s] creating /dinov3_ros/ros2_ws/install/dinov3_bringup/lib/python3.10/site-packages/dinov3_bringup
[0.482s] copying /dinov3_ros/ros2_ws/build/dinov3_bringup/build/lib/dinov3_bringup/__init__.py -> /dinov3_ros/ros2_ws/install/dinov3_bringup/lib/python3.10/site-packages/dinov3_bringup
[0.482s] byte-compiling /dinov3_ros/ros2_ws/install/dinov3_bringup/lib/python3.10/site-packages/dinov3_bringup/__init__.py to __init__.cpython-310.pyc
[0.482s] running install_data
[0.482s] creating /dinov3_ros/ros2_ws/install/dinov3_bringup/share/ament_index
[0.482s] creating /dinov3_ros/ros2_ws/install/dinov3_bringup/share/ament_index/resource_index
[0.482s] creating /dinov3_ros/ros2_ws/install/dinov3_bringup/share/ament_index/resource_index/packages
[0.482s] copying resource/dinov3_bringup -> /dinov3_ros/ros2_ws/install/dinov3_bringup/share/ament_index/resource_index/packages
[0.482s] copying package.xml -> /dinov3_ros/ros2_ws/install/dinov3_bringup/share/dinov3_bringup
[0.482s] running install_egg_info
[0.483s] Copying ../../build/dinov3_bringup/dinov3_bringup.egg-info to /dinov3_ros/ros2_ws/install/dinov3_bringup/lib/python3.10/site-packages/dinov3_bringup-0.0.0-py3.10.egg-info
[0.483s] running install_scripts
[0.493s] writing list of installed files to '/dinov3_ros/ros2_ws/build/dinov3_bringup/install.log'
[0.509s] Invoked command in '/dinov3_ros/ros2_ws/src/dinov3_bringup' returned '0': PYTHONPATH=/dinov3_ros/ros2_ws/build/dinov3_bringup/prefix_override:/usr/lib/python3/dist-packages/colcon_core/task/python/colcon_distutils_commands:/dinov3_ros/ros2_ws/install/dinov3_bringup/lib/python3.10/site-packages:${PYTHONPATH} /usr/bin/python3 -W ignore:setup.py install is deprecated -W ignore:easy_install command is deprecated setup.py egg_info --egg-base ../../build/dinov3_bringup build --build-base /dinov3_ros/ros2_ws/build/dinov3_bringup/build install --record /dinov3_ros/ros2_ws/build/dinov3_bringup/install.log --single-version-externally-managed install_data
