[0.350s] Invoking command in '/dinov3_ros/ros2_ws/src/dinov3_ros': PYTHONPATH=/dinov3_ros/ros2_ws/build/dinov3_ros/prefix_override:/usr/lib/python3/dist-packages/colcon_core/task/python/colcon_distutils_commands:/dinov3_ros/ros2_ws/install/dinov3_ros/lib/python3.10/site-packages:${PYTHONPATH} /usr/bin/python3 -W ignore:setup.py install is deprecated -W ignore:easy_install command is deprecated setup.py egg_info --egg-base ../../build/dinov3_ros build --build-base /dinov3_ros/ros2_ws/build/dinov3_ros/build install --record /dinov3_ros/ros2_ws/build/dinov3_ros/install.log --single-version-externally-managed install_data
[0.443s] running egg_info
[0.443s] writing ../../build/dinov3_ros/dinov3_ros.egg-info/PKG-INFO
[0.443s] writing dependency_links to ../../build/dinov3_ros/dinov3_ros.egg-info/dependency_links.txt
[0.444s] writing entry points to ../../build/dinov3_ros/dinov3_ros.egg-info/entry_points.txt
[0.444s] writing requirements to ../../build/dinov3_ros/dinov3_ros.egg-info/requires.txt
[0.444s] writing top-level names to ../../build/dinov3_ros/dinov3_ros.egg-info/top_level.txt
[0.444s] reading manifest file '../../build/dinov3_ros/dinov3_ros.egg-info/SOURCES.txt'
[0.444s] writing manifest file '../../build/dinov3_ros/dinov3_ros.egg-info/SOURCES.txt'
[0.444s] running build
[0.444s] running build_py
[0.444s] running install
[0.444s] running install_lib
[0.445s] running install_data
[0.445s] running install_egg_info
[0.446s] removing '/dinov3_ros/ros2_ws/install/dinov3_ros/lib/python3.10/site-packages/dinov3_ros-0.0.0-py3.10.egg-info' (and everything under it)
[0.446s] Copying ../../build/dinov3_ros/dinov3_ros.egg-info to /dinov3_ros/ros2_ws/install/dinov3_ros/lib/python3.10/site-packages/dinov3_ros-0.0.0-py3.10.egg-info
[0.446s] running install_scripts
[0.456s] Installing dinov3_node script to /dinov3_ros/ros2_ws/install/dinov3_ros/lib/dinov3_ros
[0.457s] writing list of installed files to '/dinov3_ros/ros2_ws/build/dinov3_ros/install.log'
[0.475s] Invoked command in '/dinov3_ros/ros2_ws/src/dinov3_ros' returned '0': PYTHONPATH=/dinov3_ros/ros2_ws/build/dinov3_ros/prefix_override:/usr/lib/python3/dist-packages/colcon_core/task/python/colcon_distutils_commands:/dinov3_ros/ros2_ws/install/dinov3_ros/lib/python3.10/site-packages:${PYTHONPATH} /usr/bin/python3 -W ignore:setup.py install is deprecated -W ignore:easy_install command is deprecated setup.py egg_info --egg-base ../../build/dinov3_ros build --build-base /dinov3_ros/ros2_ws/build/dinov3_ros/build install --record /dinov3_ros/ros2_ws/build/dinov3_ros/install.log --single-version-externally-managed install_data
