running egg_info
writing ../../build/dinov3_bringup/dinov3_bringup.egg-info/PKG-INFO
writing dependency_links to ../../build/dinov3_bringup/dinov3_bringup.egg-info/dependency_links.txt
writing entry points to ../../build/dinov3_bringup/dinov3_bringup.egg-info/entry_points.txt
writing requirements to ../../build/dinov3_bringup/dinov3_bringup.egg-info/requires.txt
writing top-level names to ../../build/dinov3_bringup/dinov3_bringup.egg-info/top_level.txt
reading manifest file '../../build/dinov3_bringup/dinov3_bringup.egg-info/SOURCES.txt'
writing manifest file '../../build/dinov3_bringup/dinov3_bringup.egg-info/SOURCES.txt'
running build
running build_py
running install
running install_lib
running install_data
creating /dinov3_ros/ros2_ws/install/dinov3_bringup/share/dinov3_bringup/config
copying config/params.yaml -> /dinov3_ros/ros2_ws/install/dinov3_bringup/share/dinov3_bringup/config
running install_egg_info
removing '/dinov3_ros/ros2_ws/install/dinov3_bringup/lib/python3.10/site-packages/dinov3_bringup-0.0.0-py3.10.egg-info' (and everything under it)
Copying ../../build/dinov3_bringup/dinov3_bringup.egg-info to /dinov3_ros/ros2_ws/install/dinov3_bringup/lib/python3.10/site-packages/dinov3_bringup-0.0.0-py3.10.egg-info
running install_scripts
Installing dinov3_node script to /dinov3_ros/ros2_ws/install/dinov3_bringup/lib/dinov3_bringup
writing list of installed files to '/dinov3_ros/ros2_ws/build/dinov3_bringup/install.log'
